c:\users\curtis\documents\portfolioprojects\audioequalizer\audioequalizer\debug\vc141.pdb
c:\users\curtis\documents\portfolioprojects\audioequalizer\audioequalizer\debug\vc141.idb
c:\users\curtis\documents\portfolioprojects\audioequalizer\audioequalizer\debug\main.obj
c:\users\curtis\documents\portfolioprojects\audioequalizer\audioequalizer\debug\audioequalizer.obj
c:\users\curtis\documents\portfolioprojects\audioequalizer\audioequalizer\debug\wavfile.obj
c:\users\curtis\documents\portfolioprojects\audioequalizer\audioequalizer\debug\audiodevice.obj
c:\users\curtis\documents\portfolioprojects\audioequalizer\audioequalizer\debug\equalizer.obj
c:\users\curtis\documents\portfolioprojects\audioequalizer\audioequalizer\debug\dct.obj
c:\users\curtis\documents\portfolioprojects\audioequalizer\audioequalizer\debug\window.obj
c:\users\curtis\documents\portfolioprojects\audioequalizer\audioequalizer\debug\vertex.obj
c:\users\curtis\documents\portfolioprojects\audioequalizer\audioequalizer\debug\matrix.obj
c:\users\curtis\documents\portfolioprojects\audioequalizer\audioequalizer\debug\inputmanager.obj
c:\users\curtis\documents\portfolioprojects\audioequalizer\audioequalizer\debug\audioequalizer.pch
c:\users\curtis\documents\portfolioprojects\audioequalizer\audioequalizer\debug\stdafx.obj
c:\users\curtis\documents\portfolioprojects\audioequalizer\audioequalizer\debug\eqdraw.obj
c:\users\curtis\documents\portfolioprojects\audioequalizer\debug\audioequalizer.exe
c:\users\curtis\documents\portfolioprojects\audioequalizer\debug\audioequalizer.ilk
c:\users\curtis\documents\portfolioprojects\audioequalizer\debug\audioequalizer.pdb
c:\users\curtis\documents\portfolioprojects\audioequalizer\audioequalizer\debug\wavfile.new.obj.enc
c:\users\curtis\documents\portfolioprojects\audioequalizer\audioequalizer\debug\audioequalizer.tlog\cl.command.1.tlog
c:\users\curtis\documents\portfolioprojects\audioequalizer\audioequalizer\debug\audioequalizer.tlog\cl.read.1.tlog
c:\users\curtis\documents\portfolioprojects\audioequalizer\audioequalizer\debug\audioequalizer.tlog\cl.write.1.tlog
c:\users\curtis\documents\portfolioprojects\audioequalizer\audioequalizer\debug\audioequalizer.tlog\link.command.1.tlog
c:\users\curtis\documents\portfolioprojects\audioequalizer\audioequalizer\debug\audioequalizer.tlog\link.read.1.tlog
c:\users\curtis\documents\portfolioprojects\audioequalizer\audioequalizer\debug\audioequalizer.tlog\link.write.1.tlog
